<?xml version="1.0" encoding="UTF-8"?>
<testng-results ignored="0" total="1" passed="1" failed="0" skipped="0">
  <reporter-output>
  </reporter-output>
  <suite started-at="2023-06-29T08:52:37 IST" name="Default suite" finished-at="2023-06-29T08:52:56 IST" duration-ms="19398">
    <groups>
      <group name="cucumber">
        <method signature="AbstractTestNGCucumberTests.runScenario(cucumber.api.testng.PickleEventWrapper,cucumber.api.testng.CucumberFeatureWrapper)[pri:0, instance:com.salesforce.testcases.TC001_VerifyLogin@15043a2f]" name="runScenario" class="cucumber.api.testng.AbstractTestNGCucumberTests"/>
      </group> <!-- cucumber -->
    </groups>
    <test started-at="2023-06-29T08:52:37 IST" name="Default test" finished-at="2023-06-29T08:52:56 IST" duration-ms="19398">
      <class name="com.salesforce.testcases.TC001_VerifyLogin">
        <test-method is-config="true" signature="startReport()[pri:0, instance:com.salesforce.testcases.TC001_VerifyLogin@15043a2f]" started-at="2023-06-29T08:52:37 IST" name="startReport" finished-at="2023-06-29T08:52:37 IST" duration-ms="354" status="PASS">
          <reporter-output>
          </reporter-output>
        </test-method> <!-- startReport -->
        <test-method is-config="true" signature="setValues()[pri:0, instance:com.salesforce.testcases.TC001_VerifyLogin@15043a2f]" started-at="2023-06-29T08:52:37 IST" name="setValues" finished-at="2023-06-29T08:52:37 IST" duration-ms="1" status="PASS">
          <reporter-output>
          </reporter-output>
        </test-method> <!-- setValues -->
        <test-method is-config="true" signature="setUpClass()[pri:0, instance:com.salesforce.testcases.TC001_VerifyLogin@15043a2f]" started-at="2023-06-29T08:52:37 IST" name="setUpClass" finished-at="2023-06-29T08:52:37 IST" duration-ms="179" status="PASS">
          <reporter-output>
          </reporter-output>
        </test-method> <!-- setUpClass -->
        <test-method is-config="true" signature="startTestCase()[pri:0, instance:com.salesforce.testcases.TC001_VerifyLogin@15043a2f]" started-at="2023-06-29T08:52:37 IST" name="startTestCase" finished-at="2023-06-29T08:52:37 IST" duration-ms="10" status="PASS">
          <reporter-output>
          </reporter-output>
        </test-method> <!-- startTestCase -->
        <test-method is-config="true" signature="preCondition()[pri:0, instance:com.salesforce.testcases.TC001_VerifyLogin@15043a2f]" started-at="2023-06-29T08:52:38 IST" name="preCondition" finished-at="2023-06-29T08:52:45 IST" duration-ms="6624" status="PASS">
          <reporter-output>
          </reporter-output>
        </test-method> <!-- preCondition -->
        <test-method signature="runLogin(java.lang.String,java.lang.String)[pri:0, instance:com.salesforce.testcases.TC001_VerifyLogin@15043a2f]" started-at="2023-06-29T08:52:45 IST" name="runLogin" data-provider="fetchData" finished-at="2023-06-29T08:52:56 IST" duration-ms="11174" status="PASS">
          <params>
            <param index="0">
              <value>
                <![CDATA[hari.radhakrishnan@qeagle.com]]>
              </value>
            </param>
            <param index="1">
              <value>
                <![CDATA[Leaf@1234]]>
              </value>
            </param>
          </params>
          <reporter-output>
          </reporter-output>
        </test-method> <!-- runLogin -->
        <test-method is-config="true" signature="postCondition()[pri:0, instance:com.salesforce.testcases.TC001_VerifyLogin@15043a2f]" started-at="2023-06-29T08:52:56 IST" name="postCondition" finished-at="2023-06-29T08:52:56 IST" duration-ms="303" status="PASS">
          <reporter-output>
          </reporter-output>
        </test-method> <!-- postCondition -->
        <test-method is-config="true" signature="tearDownClass()[pri:0, instance:com.salesforce.testcases.TC001_VerifyLogin@15043a2f]" started-at="2023-06-29T08:52:56 IST" name="tearDownClass" finished-at="2023-06-29T08:52:56 IST" duration-ms="16" status="PASS">
          <reporter-output>
          </reporter-output>
        </test-method> <!-- tearDownClass -->
        <test-method is-config="true" signature="endResult()[pri:0, instance:com.salesforce.testcases.TC001_VerifyLogin@15043a2f]" started-at="2023-06-29T08:52:56 IST" name="endResult" finished-at="2023-06-29T08:52:57 IST" duration-ms="606" status="PASS">
          <reporter-output>
          </reporter-output>
        </test-method> <!-- endResult -->
      </class> <!-- com.salesforce.testcases.TC001_VerifyLogin -->
    </test> <!-- Default test -->
  </suite> <!-- Default suite -->
</testng-results>
