<?xml version="1.0" encoding="UTF-8"?>
<testng-results ignored="0" total="1" passed="1" failed="0" skipped="0">
  <reporter-output>
  </reporter-output>
  <suite started-at="2024-01-06T13:47:51 IST" name="Suite" finished-at="2024-01-06T13:48:29 IST" duration-ms="38399">
    <groups>
      <group name="cucumber">
        <method signature="AbstractTestNGCucumberTests.runScenario(cucumber.api.testng.PickleEventWrapper,cucumber.api.testng.CucumberFeatureWrapper)[pri:0, instance:com.leaftaps.testcases.TC001_VerifyLogin@496bc455]" name="runScenario" class="cucumber.api.testng.AbstractTestNGCucumberTests"/>
      </group> <!-- cucumber -->
    </groups>
    <test started-at="2024-01-06T13:47:51 IST" name="Test" finished-at="2024-01-06T13:48:29 IST" duration-ms="38399">
      <class name="com.leaftaps.testcases.TC001_VerifyLogin">
        <test-method is-config="true" signature="startReport()[pri:0, instance:com.leaftaps.testcases.TC001_VerifyLogin@496bc455]" started-at="2024-01-06T13:47:50 IST" name="startReport" finished-at="2024-01-06T13:47:51 IST" duration-ms="849" status="PASS">
          <reporter-output>
          </reporter-output>
        </test-method> <!-- startReport -->
        <test-method is-config="true" signature="setValues()[pri:0, instance:com.leaftaps.testcases.TC001_VerifyLogin@496bc455]" started-at="2024-01-06T13:47:51 IST" name="setValues" finished-at="2024-01-06T13:47:51 IST" duration-ms="5" status="PASS">
          <reporter-output>
          </reporter-output>
        </test-method> <!-- setValues -->
        <test-method is-config="true" signature="setUpClass()[pri:0, instance:com.leaftaps.testcases.TC001_VerifyLogin@496bc455]" started-at="2024-01-06T13:47:51 IST" name="setUpClass" finished-at="2024-01-06T13:47:52 IST" duration-ms="502" status="PASS">
          <reporter-output>
          </reporter-output>
        </test-method> <!-- setUpClass -->
        <test-method is-config="true" signature="startTestCase()[pri:0, instance:com.leaftaps.testcases.TC001_VerifyLogin@496bc455]" started-at="2024-01-06T13:47:52 IST" name="startTestCase" finished-at="2024-01-06T13:47:52 IST" duration-ms="26" status="PASS">
          <reporter-output>
          </reporter-output>
        </test-method> <!-- startTestCase -->
        <test-method is-config="true" signature="preCondition()[pri:0, instance:com.leaftaps.testcases.TC001_VerifyLogin@496bc455]" started-at="2024-01-06T13:47:54 IST" name="preCondition" finished-at="2024-01-06T13:48:17 IST" duration-ms="22951" status="PASS">
          <reporter-output>
          </reporter-output>
        </test-method> <!-- preCondition -->
        <test-method signature="runLogin(java.lang.String,java.lang.String)[pri:0, instance:com.leaftaps.testcases.TC001_VerifyLogin@496bc455]" started-at="2024-01-06T13:48:17 IST" name="runLogin" data-provider="fetchData" finished-at="2024-01-06T13:48:24 IST" duration-ms="7486" status="PASS">
          <params>
            <param index="0">
              <value>
                <![CDATA[Demosalesmanager]]>
              </value>
            </param>
            <param index="1">
              <value>
                <![CDATA[crmsfa]]>
              </value>
            </param>
          </params>
          <reporter-output>
          </reporter-output>
        </test-method> <!-- runLogin -->
        <test-method is-config="true" signature="postCondition()[pri:0, instance:com.leaftaps.testcases.TC001_VerifyLogin@496bc455]" started-at="2024-01-06T13:48:24 IST" name="postCondition" finished-at="2024-01-06T13:48:29 IST" duration-ms="4943" status="PASS">
          <reporter-output>
          </reporter-output>
        </test-method> <!-- postCondition -->
        <test-method is-config="true" signature="tearDownClass()[pri:0, instance:com.leaftaps.testcases.TC001_VerifyLogin@496bc455]" started-at="2024-01-06T13:48:29 IST" name="tearDownClass" finished-at="2024-01-06T13:48:29 IST" duration-ms="30" status="PASS">
          <reporter-output>
          </reporter-output>
        </test-method> <!-- tearDownClass -->
        <test-method is-config="true" signature="endResult()[pri:0, instance:com.leaftaps.testcases.TC001_VerifyLogin@496bc455]" started-at="2024-01-06T13:48:30 IST" name="endResult" finished-at="2024-01-06T13:48:31 IST" duration-ms="1042" status="PASS">
          <reporter-output>
          </reporter-output>
        </test-method> <!-- endResult -->
      </class> <!-- com.leaftaps.testcases.TC001_VerifyLogin -->
    </test> <!-- Test -->
  </suite> <!-- Suite -->
</testng-results>
